<?xml version="1.0" encoding="UTF-8" ?>
<testsuite tests="10" failures="0" name="runner.RunCucumberTest" time="74.006" errors="1" skipped="0">
  <properties>
[...]
</properties>
  <testcase classname="Operaciones con productos y carro en Sauce" name="Ordenar precio ascendente" time="7.682"/>
  <testcase classname="Operaciones con productos y carro en Sauce" name="Agregar varios items al carro" time="6.38"/>
  <testcase classname="Operaciones con productos y carro en Sauce" name="Agregar Onesie al carro" time="5.593"/>
  <testcase classname="Operaciones con productos y carro en Sauce" name="Completar una compra" time="7.59"/>
  <testcase classname="Login en Sauce" name="Hacer login con el usuario standard_user" time="7.646"/>
  <testcase classname="Login en Sauce" name="Hacer login con el usuario locked_out_user" time="14.483">
    <error message="Unable to locate element: #header_container&gt;.header_secondary_container&gt;.title
For documentation on this error, please visit: https://www.seleniumhq.org/exceptions/no_such_element.html
Build info: version: &apos;3.141.59&apos;, revision: &apos;e82be7d358&apos;, time: &apos;2018-11-14T08:17:03&apos;
System info: host: &apos;FHP077&apos;, ip: &apos;127.0.1.1&apos;, os.name: &apos;Linux&apos;, os.arch: &apos;amd64&apos;, os.version: &apos;5.8.0-53-generic&apos;, java.version: &apos;1.8.0_292&apos;
Driver info: org.openqa.selenium.firefox.FirefoxDriver
Capabilities {acceptInsecureCerts: true, browserName: firefox, browserVersion: 88.0.1, javascriptEnabled: true, moz:accessibilityChecks: false, moz:buildID: 20210504152106, moz:geckodriverVersion: 0.29.1, moz:headless: false, moz:processID: 109965, moz:profile: /tmp/rust_mozprofilehXrysX, moz:shutdownTimeout: 60000, moz:useNonSpecCompliantPointerOrigin: false, moz:webdriverClick: true, pageLoadStrategy: normal, platform: LINUX, platformName: LINUX, platformVersion: 5.8.0-53-generic, rotatable: false, setWindowRect: true, strictFileInteractability: false, timeouts: {implicit: 0, pageLoad: 300000, script: 30000}, unhandledPromptBehavior: dismiss and notify}
Session ID: 05f7827a-500a-4e76-afd9-013b1c1a5b73
*** Element info: {Using=css selector, value=#header_container&gt;.header_secondary_container&gt;.title}" type="org.openqa.selenium.NoSuchElementException">org.openqa.selenium.NoSuchElementException: Unable to locate element: #header_container&gt;.header_secondary_container&gt;.title
For documentation on this error, please visit: https://www.seleniumhq.org/exceptions/no_such_element.html
Build info: version: &apos;3.141.59&apos;, revision: &apos;e82be7d358&apos;, time: &apos;2018-11-14T08:17:03&apos;
System info: host: &apos;FHP077&apos;, ip: &apos;127.0.1.1&apos;, os.name: &apos;Linux&apos;, os.arch: &apos;amd64&apos;, os.version: &apos;5.8.0-53-generic&apos;, java.version: &apos;1.8.0_292&apos;
Driver info: org.openqa.selenium.firefox.FirefoxDriver
Capabilities {acceptInsecureCerts: true, browserName: firefox, browserVersion: 88.0.1, javascriptEnabled: true, moz:accessibilityChecks: false, moz:buildID: 20210504152106, moz:geckodriverVersion: 0.29.1, moz:headless: false, moz:processID: 109965, moz:profile: /tmp/rust_mozprofilehXrysX, moz:shutdownTimeout: 60000, moz:useNonSpecCompliantPointerOrigin: false, moz:webdriverClick: true, pageLoadStrategy: normal, platform: LINUX, platformName: LINUX, platformVersion: 5.8.0-53-generic, rotatable: false, setWindowRect: true, strictFileInteractability: false, timeouts: {implicit: 0, pageLoad: 300000, script: 30000}, unhandledPromptBehavior: dismiss and notify}
Session ID: 05f7827a-500a-4e76-afd9-013b1c1a5b73
*** Element info: {Using=css selector, value=#header_container&gt;.header_secondary_container&gt;.title}
	at sun.reflect.NativeConstructorAccessorImpl.newInstance0(Native Method)
	at sun.reflect.NativeConstructorAccessorImpl.newInstance(NativeConstructorAccessorImpl.java:62)
	at sun.reflect.DelegatingConstructorAccessorImpl.newInstance(DelegatingConstructorAccessorImpl.java:45)
	at java.lang.reflect.Constructor.newInstance(Constructor.java:423)
	at org.openqa.selenium.remote.http.W3CHttpResponseCodec.createException(W3CHttpResponseCodec.java:187)
	at org.openqa.selenium.remote.http.W3CHttpResponseCodec.decode(W3CHttpResponseCodec.java:122)
	at org.openqa.selenium.remote.http.W3CHttpResponseCodec.decode(W3CHttpResponseCodec.java:49)
	at org.openqa.selenium.remote.HttpCommandExecutor.execute(HttpCommandExecutor.java:158)
	at org.openqa.selenium.remote.service.DriverCommandExecutor.execute(DriverCommandExecutor.java:83)
	at org.openqa.selenium.remote.RemoteWebDriver.execute(RemoteWebDriver.java:552)
	at org.openqa.selenium.remote.RemoteWebDriver.findElement(RemoteWebDriver.java:323)
	at org.openqa.selenium.remote.RemoteWebDriver.findElementByCssSelector(RemoteWebDriver.java:420)
	at org.openqa.selenium.By$ByCssSelector.findElement(By.java:431)
	at org.openqa.selenium.remote.RemoteWebDriver.findElement(RemoteWebDriver.java:315)
	at pages.MainPage.getHomePageTitle(MainPage.java:38)
	at steps.MainPageSteps.lambda$new$0(MainPageSteps.java:18)
	at ✽.Estamos en Products(file:///home/carloslucena/Documentos/Wizeline/project/seleniumtest/src/test/resources/features/login.feature:6)
</error>
    <system-err>1620921400690	geckodriver	INFO	Listening on 127.0.0.1:6275
1620921400697	mozrunner::runner	INFO	Running command: &quot;/usr/lib/firefox/firefox&quot; &quot;--marionette&quot; &quot;-foreground&quot; &quot;-no-remote&quot; &quot;-profile&quot; &quot;/tmp/rust_mozprofilehXrysX&quot;
1620921401279	Marionette	INFO	Marionette enabled
console.warn: SearchSettings: &quot;get: No settings file exists, new profile?&quot; (new Error(&quot;&quot;, &quot;(unknown module)&quot;))
1620921403284	Marionette	INFO	Listening on port 46387
1620921403326	Marionette	WARN	TLS certificate errors will be ignored for this session
may 13, 2021 5:56:43 PM org.openqa.selenium.remote.ProtocolHandshake createSession
INFORMACIÓN: Detected dialect: W3C
1620921414566	Marionette	INFO	Stopped listening on port 46387
</system-err>
  </testcase>
  <testcase classname="Login en Sauce" name="Hacer login con el usuario problem_user" time="4.82"/>
  <testcase classname="Login en Sauce" name="Hacer login con el usuario performance_glitch_user" time="9.748"/>
  <testcase classname="Login en Sauce" name="Hacer login con usuario invalido" time="4.775"/>
  <testcase classname="Login en Sauce" name="Hacer logout" time="5.289"/>
</testsuite>